<?xml version="1.0" encoding="UTF-8"?>
<testsuite xmlns:xsi="http://www.w3.org/2001/XMLSchema-instance" xsi:noNamespaceSchemaLocation="https://maven.apache.org/surefire/maven-surefire-plugin/xsd/surefire-test-report-3.0.xsd" version="3.0" name="com.leaslink.controllers.LeaseControllerTest" time="0.574" tests="6" errors="0" skipped="0" failures="0">
  <properties>
[...]
</properties>
  <testcase name="testGetAllCustomers" classname="com.leaslink.controllers.LeaseControllerTest" time="0.457">
    <system-out><![CDATA[Customers found: 0
]]></system-out>
    <system-err><![CDATA[SLF4J: Failed to load class "org.slf4j.impl.StaticLoggerBinder".
SLF4J: Defaulting to no-operation (NOP) logger implementation
SLF4J: See http://www.slf4j.org/codes.html#StaticLoggerBinder for further details.
]]></system-err>
  </testcase>
  <testcase name="testLeaseValidation" classname="com.leaslink.controllers.LeaseControllerTest" time="0.003">
    <system-out><![CDATA[Validation error (as expected): Customer harus dipilih
]]></system-out>
  </testcase>
  <testcase name="testGetAllLeases" classname="com.leaslink.controllers.LeaseControllerTest" time="0.031">
    <system-out><![CDATA[Total leases found: 2
First lease - ID: 1, Customer: Customer Demo, Status: active
]]></system-out>
  </testcase>
  <testcase name="testGetAvailableMotorcycles" classname="com.leaslink.controllers.LeaseControllerTest" time="0.014">
    <system-out><![CDATA[Available motorcycles found: 8
First motorcycle - ID: 2, Brand: Honda, Model: Beat Street
]]></system-out>
  </testcase>
  <testcase name="testCreateAndApproveLease" classname="com.leaslink.controllers.LeaseControllerTest" time="0.013">
    <system-out><![CDATA[Skipping create/approve test - no customers or motorcycles available
]]></system-out>
  </testcase>
  <testcase name="testGetLeaseSummary" classname="com.leaslink.controllers.LeaseControllerTest" time="0.01">
    <system-out><![CDATA[=== LEASE SUMMARY ===
Total Leases: 2
Active Leases: 2
Pending Leases: 0
Completed Leases: 0
Total Lease Value: 4.7E7
=====================
]]></system-out>
  </testcase>
</testsuite>